0 verbose cli C:\Program Files\nodejs\node.exe C:\Program Files\nodejs\node_modules\npm\bin\npm-cli.js
1 info using npm@11.13.0
2 info using node@v24.16.0
3 silly config load:file:C:\Program Files\nodejs\node_modules\npm\npmrc
4 silly config load:file:C:\Users\Maldanis\Desktop\controlarapp-main\.npmrc
5 silly config load:file:C:\Users\Maldanis\.npmrc
6 silly config load:file:C:\Users\Maldanis\AppData\Roaming\npm\etc\npmrc
7 verbose title npm explain expo-cli
8 verbose argv "explain" "expo-cli" "--json"
9 verbose logfile logs-max:10 dir:C:\Users\Maldanis\Desktop\controlarapp-main\.npm-cache\_logs\2026-06-10T15_26_35_270Z-
10 verbose logfile C:\Users\Maldanis\Desktop\controlarapp-main\.npm-cache\_logs\2026-06-10T15_26_35_270Z-debug-0.log
11 silly logfile start cleaning logs, removing 4 files
12 silly packumentCache heap:4496293888 maxSize:1124073472 maxEntrySize:562036736
13 silly logfile done cleaning log files
14 verbose stack Error: No dependencies found matching expo-cli
14 verbose stack     at Explain.exec (C:\Program Files\nodejs\node_modules\npm\lib\commands\explain.js:56:13)
14 verbose stack     at async Npm.exec (C:\Program Files\nodejs\node_modules\npm\lib\npm.js:193:9)
14 verbose stack     at async module.exports (C:\Program Files\nodejs\node_modules\npm\lib\cli\entry.js:67:5)
15 error No dependencies found matching expo-cli
16 verbose cwd C:\Users\Maldanis\Desktop\controlarapp-main
17 verbose os Windows_NT 10.0.26200
18 verbose node v24.16.0
19 verbose npm  v11.13.0
20 verbose exit 1
21 verbose code 1
22 error A complete log of this run can be found in: C:\Users\Maldanis\Desktop\controlarapp-main\.npm-cache\_logs\2026-06-10T15_26_35_270Z-debug-0.log
