0 verbose cli C:\Program Files\nodejs\node.exe C:\Program Files\nodejs\node_modules\npm\bin\npm-cli.js
1 info using npm@11.13.0
2 info using node@v24.16.0
3 silly config load:file:C:\Program Files\nodejs\node_modules\npm\npmrc
4 silly config load:file:C:\Users\Maldanis\Desktop\controlarapp-main\.npmrc
5 silly config load:file:C:\Users\Maldanis\.npmrc
6 silly config load:file:C:\Users\Maldanis\AppData\Roaming\npm\etc\npmrc
7 verbose title npm exec expo-doctor
8 verbose argv "exec" "--" "expo-doctor"
9 verbose logfile logs-max:10 dir:C:\Users\Maldanis\Desktop\controlarapp-main\.npm-cache\_logs\2026-06-10T15_26_32_303Z-
10 verbose logfile C:\Users\Maldanis\Desktop\controlarapp-main\.npm-cache\_logs\2026-06-10T15_26_32_303Z-debug-0.log
11 silly logfile start cleaning logs, removing 1 files
12 silly logfile done cleaning log files
13 silly packumentCache heap:4496293888 maxSize:1124073472 maxEntrySize:562036736
14 http fetch GET 200 https://registry.npmjs.org/expo-doctor 122ms (cache revalidated)
15 silly packumentCache heap:4496293888 maxSize:1124073472 maxEntrySize:562036736
16 silly packumentCache heap:4496293888 maxSize:1124073472 maxEntrySize:562036736
17 verbose cwd C:\Users\Maldanis\Desktop\controlarapp-main
18 verbose os Windows_NT 10.0.26200
19 verbose node v24.16.0
20 verbose npm  v11.13.0
21 verbose exit 0
22 info ok
